\BOOKMARK [0][-]{chapter.1}{\376\377\176\352\000\040\213\272}{}% 1
\BOOKMARK [1][-]{section.1.1}{\376\377\170\024\172\166\200\314\146\157\123\312\141\017\116\111}{chapter.1}% 2
\BOOKMARK [1][-]{section.1.2}{\376\377\225\356\230\230\124\214\143\021\142\030}{chapter.1}% 3
\BOOKMARK [2][-]{subsection.1.2.1}{\376\377\145\160\143\156\137\002\147\204}{section.1.2}% 4
\BOOKMARK [2][-]{subsection.1.2.2}{\376\377\232\330\146\002\166\204\220\032\117\341\116\343\116\367}{section.1.2}% 5
\BOOKMARK [2][-]{subsection.1.2.3}{\376\377\133\211\121\150\140\047\124\214\226\220\171\301\132\001\200\301}{section.1.2}% 6
\BOOKMARK [2][-]{subsection.1.2.4}{\376\377\224\210\133\371\200\124\220\246\133\146\116\140\166\204\226\220\171\301\117\335\142\244}{section.1.2}% 7
\BOOKMARK [1][-]{section.1.3}{\376\377\147\054\145\207\135\345\117\134\116\016\116\073\211\201\215\041\163\056}{chapter.1}% 8
\BOOKMARK [1][-]{section.1.4}{\376\377\147\054\145\207\176\304\176\307\176\323\147\204}{chapter.1}% 9
\BOOKMARK [0][-]{chapter.2}{\376\377\166\370\121\163\167\345\213\306\116\313\176\315}{}% 10
\BOOKMARK [1][-]{section.2.1}{\376\377\135\356\122\006\226\220\171\301}{chapter.2}% 11
\BOOKMARK [2][-]{subsection.2.1.1}{\376\377\127\372\147\054\133\232\116\111}{section.2.1}% 12
\BOOKMARK [2][-]{subsection.2.1.2}{\376\377\166\370\121\163\151\202\137\365}{section.2.1}% 13
\BOOKMARK [2][-]{subsection.2.1.3}{\376\377\135\356\122\006\226\220\171\301\166\204\133\236\163\260\147\072\122\066}{section.2.1}% 14
\BOOKMARK [1][-]{section.2.2}{\376\377\200\124\220\246\133\146\116\140}{chapter.2}% 15
\BOOKMARK [2][-]{subsection.2.2.1}{\376\377\127\372\147\054\133\232\116\111}{section.2.2}% 16
\BOOKMARK [2][-]{subsection.2.2.2}{\376\377\200\124\220\246\133\146\116\140\166\204\122\006\174\173}{section.2.2}% 17
\BOOKMARK [2][-]{subsection.2.2.3}{\376\377\200\124\220\246\133\146\116\140\166\204\213\255\176\303\153\145\232\244}{section.2.2}% 18
\BOOKMARK [2][-]{subsection.2.2.4}{\376\377\200\124\220\246\133\146\116\140\116\055\166\204\133\211\121\150\124\214\226\220\171\301\132\001\200\301}{section.2.2}% 19
\BOOKMARK [1][-]{section.2.3}{\376\377\171\136\176\317\177\121\176\334}{chapter.2}% 20
\BOOKMARK [2][-]{subsection.2.3.1}{\376\377\000S\000M\000T\000\040\142\200\147\057}{section.2.3}% 21
\BOOKMARK [1][-]{section.2.4}{\376\377\121\263\173\126\150\021}{chapter.2}% 22
\BOOKMARK [1][-]{section.2.5}{\376\377\150\021\152\041\127\213\166\204\127\372\147\054\151\202\137\365}{chapter.2}% 23
\BOOKMARK [2][-]{subsection.2.5.1}{\376\377\000G\000B\000D\000T}{section.2.5}% 24
\BOOKMARK [2][-]{subsection.2.5.2}{\376\377\000B\000a\000g\000g\000i\000n\000g\116\016\226\217\147\072\150\356\147\227}{section.2.5}% 25
\BOOKMARK [1][-]{section.2.6}{\376\377\147\072\126\150\133\146\116\140\152\041\127\213\234\201\150\322\140\047}{chapter.2}% 26
\BOOKMARK [1][-]{section.2.7}{\376\377\147\054\172\340\134\017\176\323}{chapter.2}% 27
\BOOKMARK [0][-]{chapter.3}{\376\377\200\124\220\246\133\146\116\140}{}% 28
\BOOKMARK [1][-]{section.3.1}{\376\377\234\201\150\322\140\047\232\214\213\301\150\106\147\266\166\204\145\164\117\123\116\313\176\315}{chapter.3}% 29
\BOOKMARK [1][-]{section.3.2}{\376\377\150\021\152\041\127\213\211\343\147\220\152\041\127\127}{chapter.3}% 30
\BOOKMARK [1][-]{section.3.3}{\376\377\150\067\147\054\230\204\131\004\164\006\152\041\127\127}{chapter.3}% 31
\BOOKMARK [1][-]{section.3.4}{\376\377\000S\000M\000T\177\026\170\001\152\041\127\127}{chapter.3}% 32
\BOOKMARK [2][-]{subsection.3.4.1}{\376\377\121\263\173\126\150\021\166\204\000S\000M\000T\177\026\170\001}{section.3.4}% 33
\BOOKMARK [2][-]{subsection.3.4.2}{\376\377\226\217\147\072\150\356\147\227\152\041\127\213\166\204\000S\000M\000T\177\026\170\001}{section.3.4}% 34
\BOOKMARK [2][-]{subsection.3.4.3}{\376\377\000G\000B\000D\000T\000\040\166\204\000\040\000S\000M\000T\000\040\177\026\170\001}{section.3.4}% 35
\BOOKMARK [2][-]{subsection.3.4.4}{\376\377\152\041\127\213\234\201\150\322\140\047\000S\000M\000T\177\026\170\001}{section.3.4}% 36
\BOOKMARK [1][-]{section.3.5}{\376\377\000S\000M\000T\000\040\154\102\211\343\126\150}{chapter.3}% 37
\BOOKMARK [1][-]{section.3.6}{\376\377\232\214\213\301\176\323\147\234\122\006\147\220\152\041\127\127}{chapter.3}% 38
\BOOKMARK [1][-]{section.3.7}{\376\377\133\371\142\227\140\047\150\067\147\054\165\037\142\020\152\041\127\127}{chapter.3}% 39
\BOOKMARK [1][-]{section.3.8}{\376\377\147\054\172\340\134\017\176\323}{chapter.3}% 40
\BOOKMARK [0][-]{chapter.4}{\376\377\200\124\220\246\133\146\116\140\166\204\201\352\220\002\136\224\122\240\126\152\147\072\122\066}{}% 41
\BOOKMARK [1][-]{section.4.1}{\376\377\152\041\127\213\151\202\211\310}{chapter.4}% 42
\BOOKMARK [2][-]{subsection.4.1.1}{\376\377\132\001\200\301\152\041\127\213}{section.4.1}% 43
\BOOKMARK [1][-]{section.4.2}{\376\377\234\201\150\322\162\171\137\201\226\306\124\010}{chapter.4}% 44
\BOOKMARK [1][-]{section.4.3}{\376\377\134\100\220\350\234\201\150\322\162\171\137\201\221\315\211\201\136\246}{chapter.4}% 45
\BOOKMARK [1][-]{section.4.4}{\376\377\147\054\172\340\134\017\176\323}{chapter.4}% 46
\BOOKMARK [0][-]{chapter.5}{\376\377\133\236\232\214\116\016\213\304\117\060}{}% 47
\BOOKMARK [1][-]{section.5.1}{\376\377\127\372\121\306\145\160\143\156\226\306\116\313\176\315}{chapter.5}% 48
\BOOKMARK [1][-]{section.5.2}{\376\377\133\236\232\214\163\257\130\203\116\016\221\115\177\156}{chapter.5}% 49
\BOOKMARK [1][-]{section.5.3}{\376\377\133\236\232\214\176\323\147\234\116\016\122\006\147\220}{chapter.5}% 50
\BOOKMARK [2][-]{subsection.5.3.1}{\376\377\226\217\147\072\150\356\147\227\152\041\127\213\166\204\234\201\150\322\140\047\232\214\213\301\116\016\122\006\147\220}{section.5.3}% 51
\BOOKMARK [2][-]{subsection.5.3.2}{\376\377\000G\000B\000D\000T\152\041\127\213\234\201\150\322\140\047\166\204\232\214\213\301\116\016\122\006\147\220}{section.5.3}% 52
\BOOKMARK [2][-]{subsection.5.3.3}{\376\377\150\021\152\041\127\213\234\201\150\322\140\047\123\357\211\343\221\312\140\047\166\204\133\236\232\214\116\016\122\006\147\220}{section.5.3}% 53
\BOOKMARK [2][-]{subsection.5.3.4}{\376\377\116\015\124\014\174\173\122\053\234\201\150\322\140\047\166\204\232\214\213\301\116\016\122\006\147\220}{section.5.3}% 54
\BOOKMARK [2][-]{subsection.5.3.5}{\376\377\150\021\234\201\150\322\140\047\215\205\123\302\145\160\116\016\234\201\150\322\140\047\121\163\174\373\166\204\232\214\213\301\116\016\122\006\147\220}{section.5.3}% 55
\BOOKMARK [2][-]{subsection.5.3.6}{\376\377\232\214\213\301\145\366\225\364\166\204\176\323\147\234\116\016\122\006\147\220}{section.5.3}% 56
\BOOKMARK [1][-]{section.5.4}{\376\377\147\054\172\340\134\017\176\323}{chapter.5}% 57
\BOOKMARK [0][-]{chapter.6}{\376\377\140\073\176\323\116\016\134\125\147\033}{}% 58
\BOOKMARK [1][-]{section.6.1}{\376\377\140\073\176\323}{chapter.6}% 59
\BOOKMARK [1][-]{section.6.2}{\376\377\134\125\147\033}{chapter.6}% 60
