This is pdfTeX, Version 3.141592653-2.6-1.40.22 (TeX Live 2021) (preloaded format=pdflatex 2021.9.8)  6 OCT 2021 17:05
entering extended mode
 restricted \write18 enabled.
 %&-line parsing enabled.
**C1-CHAP5.tex
(./C1-CHAP5.tex
LaTeX2e <2020-10-01> patch level 4
L3 programming layer <2021-02-18>
! Undefined control sequence.
l.1 \chapter
            {å®éªŒä¸è¯„ä¼°}
The control sequence at the end of the top line
of your error message was never \def'ed. If you have
misspelled it (e.g., `\hobx'), type `I' and the correct
spelling (e.g., `I\hbox'). Otherwise just continue,
and I'll forget about whatever was undefined.


! Package inputenc Error: Unicode character å® (U+5B9E)
(inputenc)                not set up for use with LaTeX.

See the inputenc package documentation for explanation.
Type  H <return>  for immediate help.
 ...                                              
                                                  
l.1 \chapter{å®
                éªŒä¸è¯„ä¼°}
You may provide a definition with
\DeclareUnicodeCharacter 


! Package inputenc Error: Unicode character éªŒ (U+9A8C)
(inputenc)                not set up for use with LaTeX.

See the inputenc package documentation for explanation.
Type  H <return>  for immediate help.
 ...                                              
                                                  
l.1 \chapter{å®éªŒ
                   ä¸è¯„ä¼°}
You may provide a definition with
\DeclareUnicodeCharacter 


! Package inputenc Error: Unicode character ä¸ (U+4E0E)
(inputenc)                not set up for use with LaTeX.

See the inputenc package documentation for explanation.
Type  H <return>  for immediate help.
 ...                                              
                                                  
l.1 \chapter{å®éªŒä¸
                      è¯„ä¼°}
You may provide a definition with
\DeclareUnicodeCharacter 


! Package inputenc Error: Unicode character è¯„ (U+8BC4)
(inputenc)                not set up for use with LaTeX.

See the inputenc package documentation for explanation.
Type  H <return>  for immediate help.
 ...                                              
                                                  
l.1 \chapter{å®éªŒä¸è¯„
                         ä¼°}
You may provide a definition with
\DeclareUnicodeCharacter 


! Package inputenc Error: Unicode character ä¼° (U+4F30)
(inputenc)                not set up for use with LaTeX.

See the inputenc package documentation for explanation.
Type  H <return>  for immediate help.
 ...                                              
                                                  
l.1 \chapter{å®éªŒä¸è¯„ä¼°
                            }
You may provide a definition with
\DeclareUnicodeCharacter 


! Package inputenc Error: Unicode character ä¹‹ (U+4E4B)
(inputenc)                not set up for use with LaTeX.

See the inputenc package documentation for explanation.
Type  H <return>  for immediate help.
 ...                                              
                                                  
l.3 ä¹‹
       å‰çš„ç« èŠ‚ä¸­ï¼Œæˆ‘ä»¬æè¿°äº†è”é‚¦å­¦ä¹ çš„æœ¬åœ°è‡ªé€‚åº”å·®åˆ†...

You may provide a definition with
\DeclareUnicodeCharacter 


! Package inputenc Error: Unicode character å‰ (U+524D)
(inputenc)                not set up for use with LaTeX.

See the inputenc package documentation for explanation.
Type  H <return>  for immediate help.
 ...                                              
                                                  
l.3 ä¹‹å‰
          çš„ç« èŠ‚ä¸­ï¼Œæˆ‘ä»¬æè¿°äº†è”é‚¦å­¦ä¹ çš„æœ¬åœ°è‡ªé€‚åº”å·®åˆ†...

You may provide a definition with
\DeclareUnicodeCharacter 


! Package inputenc Error: Unicode character çš„ (U+7684)
(inputenc)                not set up for use with LaTeX.

See the inputenc package documentation for explanation.
Type  H <return>  for immediate help.
 ...                                              
                                                  
l.3 ä¹‹å‰çš„
             ç« èŠ‚ä¸­ï¼Œæˆ‘ä»¬æè¿°äº†è”é‚¦å­¦ä¹ çš„æœ¬åœ°è‡ªé€‚åº”å·®åˆ†...

You may provide a definition with
\DeclareUnicodeCharacter 


! Package inputenc Error: Unicode character ç«  (U+7AE0)
(inputenc)                not set up for use with LaTeX.

See the inputenc package documentation for explanation.
Type  H <return>  for immediate help.
 ...                                              
                                                  
l.3 ä¹‹å‰çš„ç« 
                èŠ‚ä¸­ï¼Œæˆ‘ä»¬æè¿°äº†è”é‚¦å­¦ä¹ çš„æœ¬åœ°è‡ªé€‚åº”å·®åˆ†...

You may provide a definition with
\DeclareUnicodeCharacter 


! Package inputenc Error: Unicode character èŠ‚ (U+8282)
(inputenc)                not set up for use with LaTeX.

See the inputenc package documentation for explanation.
Type  H <return>  for immediate help.
 ...                                              
                                                  
l.3 ä¹‹å‰çš„ç« èŠ‚
                   ä¸­ï¼Œæˆ‘ä»¬æè¿°äº†è”é‚¦å­¦ä¹ çš„æœ¬åœ°è‡ªé€‚åº”å·®åˆ†...

You may provide a definition with
\DeclareUnicodeCharacter 


! Package inputenc Error: Unicode character ä¸­ (U+4E2D)
(inputenc)                not set up for use with LaTeX.

See the inputenc package documentation for explanation.
Type  H <return>  for immediate help.
 ...                                              
                                                  
l.3 ä¹‹å‰çš„ç« èŠ‚ä¸­
                      ï¼Œæˆ‘ä»¬æè¿°äº†è”é‚¦å­¦ä¹ çš„æœ¬åœ°è‡ªé€‚åº”å·®åˆ†...

You may provide a definition with
\DeclareUnicodeCharacter 


! Package inputenc Error: Unicode character ï¼Œ (U+FF0C)
(inputenc)                not set up for use with LaTeX.

See the inputenc package documentation for explanation.
Type  H <return>  for immediate help.
 ...                                              
                                                  
l.3 ä¹‹å‰çš„ç« èŠ‚ä¸­ï¼Œ
                         æˆ‘ä»¬æè¿°äº†è”é‚¦å­¦ä¹ çš„æœ¬åœ°è‡ªé€‚åº”å·®åˆ†...

You may provide a definition with
\DeclareUnicodeCharacter 


! Package inputenc Error: Unicode character æˆ‘ (U+6211)
(inputenc)                not set up for use with LaTeX.

See the inputenc package documentation for explanation.
Type  H <return>  for immediate help.
 ...                                              
                                                  
l.3 ä¹‹å‰çš„ç« èŠ‚ä¸­ï¼Œæˆ‘
                            ä»¬æè¿°äº†è”é‚¦å­¦ä¹ çš„æœ¬åœ°è‡ªé€‚åº”å·®åˆ†...

You may provide a definition with
\DeclareUnicodeCharacter 


! Package inputenc Error: Unicode character ä»¬ (U+4EEC)
(inputenc)                not set up for use with LaTeX.

See the inputenc package documentation for explanation.
Type  H <return>  for immediate help.
 ...                                              
                                                  
l.3 ä¹‹å‰çš„ç« èŠ‚ä¸­ï¼Œæˆ‘ä»¬
                               æè¿°äº†è”é‚¦å­¦ä¹ çš„æœ¬åœ°è‡ªé€‚åº”å·®åˆ†...

You may provide a definition with
\DeclareUnicodeCharacter 


! Package inputenc Error: Unicode character æ (U+63CF)
(inputenc)                not set up for use with LaTeX.

See the inputenc package documentation for explanation.
Type  H <return>  for immediate help.
 ...                                              
                                                  
l.3 ä¹‹å‰çš„ç« èŠ‚ä¸­ï¼Œæˆ‘ä»¬æ
                                  è¿°äº†è”é‚¦å­¦ä¹ çš„æœ¬åœ°è‡ªé€‚åº”å·®åˆ†...

You may provide a definition with
\DeclareUnicodeCharacter 


! Package inputenc Error: Unicode character è¿° (U+8FF0)
(inputenc)                not set up for use with LaTeX.

See the inputenc package documentation for explanation.
Type  H <return>  for immediate help.
 ...                                              
                                                  
l.3 ä¹‹å‰çš„ç« èŠ‚ä¸­ï¼Œæˆ‘ä»¬æè¿°
                                     äº†è”é‚¦å­¦ä¹ çš„æœ¬åœ°è‡ªé€‚åº”å·®åˆ†...

You may provide a definition with
\DeclareUnicodeCharacter 


! Package inputenc Error: Unicode character äº† (U+4E86)
(inputenc)                not set up for use with LaTeX.

See the inputenc package documentation for explanation.
Type  H <return>  for immediate help.
 ...                                              
                                                  
l.3 ä¹‹å‰çš„ç« èŠ‚ä¸­ï¼Œæˆ‘ä»¬æè¿°äº†
                                        è”é‚¦å­¦ä¹ çš„æœ¬åœ°è‡ªé€‚åº”å·®åˆ†...

You may provide a definition with
\DeclareUnicodeCharacter 


! Package inputenc Error: Unicode character è” (U+8054)
(inputenc)                not set up for use with LaTeX.

See the inputenc package documentation for explanation.
Type  H <return>  for immediate help.
 ...                                              
                                                  
l.3 ä¹‹å‰çš„ç« èŠ‚ä¸­ï¼Œæˆ‘ä»¬æè¿°äº†è”
                                           é‚¦å­¦ä¹ çš„æœ¬åœ°è‡ªé€‚åº”å·®åˆ†...

You may provide a definition with
\DeclareUnicodeCharacter 


! Package inputenc Error: Unicode character é‚¦ (U+90A6)
(inputenc)                not set up for use with LaTeX.

See the inputenc package documentation for explanation.
Type  H <return>  for immediate help.
 ...                                              
                                                  
l.3 ä¹‹å‰çš„ç« èŠ‚ä¸­ï¼Œæˆ‘ä»¬æè¿°äº†è”é‚¦
                                              å­¦ä¹ çš„æœ¬åœ°è‡ªé€‚åº”å·®åˆ†...

You may provide a definition with
\DeclareUnicodeCharacter 


! Package inputenc Error: Unicode character å­¦ (U+5B66)
(inputenc)                not set up for use with LaTeX.

See the inputenc package documentation for explanation.
Type  H <return>  for immediate help.
 ...                                              
                                                  
l.3 ä¹‹å‰çš„ç« èŠ‚ä¸­ï¼Œæˆ‘ä»¬æè¿°äº†è”é‚¦å­¦
                                                 ä¹ çš„æœ¬åœ°è‡ªé€‚åº”å·®åˆ†...

You may provide a definition with
\DeclareUnicodeCharacter 


! Package inputenc Error: Unicode character ä¹  (U+4E60)
(inputenc)                not set up for use with LaTeX.

See the inputenc package documentation for explanation.
Type  H <return>  for immediate help.
 ...                                              
                                                  
l.3 ...çš„ç« èŠ‚ä¸­ï¼Œæˆ‘ä»¬æè¿°äº†è”é‚¦å­¦ä¹ 
                                                  çš„æœ¬åœ°è‡ªé€‚åº”å·®åˆ†éš...

You may provide a definition with
\DeclareUnicodeCharacter 


! Package inputenc Error: Unicode character çš„ (U+7684)
(inputenc)                not set up for use with LaTeX.

See the inputenc package documentation for explanation.
Type  H <return>  for immediate help.
 ...                                              
                                                  
l.3 ...„ç« èŠ‚ä¸­ï¼Œæˆ‘ä»¬æè¿°äº†è”é‚¦å­¦ä¹ çš„
                                                  æœ¬åœ°è‡ªé€‚åº”å·®åˆ†éšç§...

You may provide a definition with
\DeclareUnicodeCharacter 


! Package inputenc Error: Unicode character æœ¬ (U+672C)
(inputenc)                not set up for use with LaTeX.

See the inputenc package documentation for explanation.
Type  H <return>  for immediate help.
 ...                                              
                                                  
l.3 ... èŠ‚ä¸­ï¼Œæˆ‘ä»¬æè¿°äº†è”é‚¦å­¦ä¹ çš„æœ¬
                                                  åœ°è‡ªé€‚åº”å·®åˆ†éšç§å’...

You may provide a definition with
\DeclareUnicodeCharacter 


! Package inputenc Error: Unicode character åœ° (U+5730)
(inputenc)                not set up for use with LaTeX.

See the inputenc package documentation for explanation.
Type  H <return>  for immediate help.
 ...                                              
                                                  
l.3 ...‚ä¸­ï¼Œæˆ‘ä»¬æè¿°äº†è”é‚¦å­¦ä¹ çš„æœ¬åœ°
                                                  è‡ªé€‚åº”å·®åˆ†éšç§å’Œå®...

You may provide a definition with
\DeclareUnicodeCharacter 


! Package inputenc Error: Unicode character è‡ª (U+81EA)
(inputenc)                not set up for use with LaTeX.

See the inputenc package documentation for explanation.
Type  H <return>  for immediate help.
 ...                                              
                                                  
l.3 ...­ï¼Œæˆ‘ä»¬æè¿°äº†è”é‚¦å­¦ä¹ çš„æœ¬åœ°è‡ª
                                                  é€‚åº”å·®åˆ†éšç§å’Œå®‰å…...

You may provide a definition with
\DeclareUnicodeCharacter 


! Package inputenc Error: Unicode character é€‚ (U+9002)
(inputenc)                not set up for use with LaTeX.

See the inputenc package documentation for explanation.
Type  H <return>  for immediate help.
 ...                                              
                                                  
l.3 ...Œæˆ‘ä»¬æè¿°äº†è”é‚¦å­¦ä¹ çš„æœ¬åœ°è‡ªé€‚
                                                  åº”å·®åˆ†éšç§å’Œå®‰å…¨æ·...

You may provide a definition with
\DeclareUnicodeCharacter 


! Package inputenc Error: Unicode character åº” (U+5E94)
(inputenc)                not set up for use with LaTeX.

See the inputenc package documentation for explanation.
Type  H <return>  for immediate help.
 ...                                              
                                                  
l.3 ...‘ä»¬æè¿°äº†è”é‚¦å­¦ä¹ çš„æœ¬åœ°è‡ªé€‚åº”
                                                  å·®åˆ†éšç§å’Œå®‰å…¨æ··æ´...

You may provide a definition with
\DeclareUnicodeCharacter 


! Package inputenc Error: Unicode character å·® (U+5DEE)
(inputenc)                not set up for use with LaTeX.

See the inputenc package documentation for explanation.
Type  H <return>  for immediate help.
 ...                                              
                                                  
l.3 ...¬æè¿°äº†è”é‚¦å­¦ä¹ çš„æœ¬åœ°è‡ªé€‚åº”å·®
                                                  åˆ†éšç§å’Œå®‰å…¨æ··æ´—æ¨...

You may provide a definition with
\DeclareUnicodeCharacter 


! Package inputenc Error: Unicode character åˆ† (U+5206)
(inputenc)                not set up for use with LaTeX.

See the inputenc package documentation for explanation.
Type  H <return>  for immediate help.
 ...                                              
                                                  
l.3 ...è¿°äº†è”é‚¦å­¦ä¹ çš„æœ¬åœ°è‡ªé€‚åº”å·®åˆ†
                                                  éšç§å’Œå®‰å…¨æ··æ´—æ¨¡å...

You may provide a definition with
\DeclareUnicodeCharacter 


! Package inputenc Error: Unicode character éš (U+9690)
(inputenc)                not set up for use with LaTeX.

See the inputenc package documentation for explanation.
Type  H <return>  for immediate help.
 ...                                              
                                                  
l.3 ...°äº†è”é‚¦å­¦ä¹ çš„æœ¬åœ°è‡ªé€‚åº”å·®åˆ†éš
                                                  ç§å’Œå®‰å…¨æ··æ´—æ¨¡å‹çš...

You may provide a definition with
\DeclareUnicodeCharacter 


! Package inputenc Error: Unicode character ç§ (U+79C1)
(inputenc)                not set up for use with LaTeX.

See the inputenc package documentation for explanation.
Type  H <return>  for immediate help.
 ...                                              
                                                  
l.3 ...†è”é‚¦å­¦ä¹ çš„æœ¬åœ°è‡ªé€‚åº”å·®åˆ†éšç§
                                                  å’Œå®‰å…¨æ··æ´—æ¨¡å‹çš„è®...

You may provide a definition with
\DeclareUnicodeCharacter 


! Package inputenc Error: Unicode character å’Œ (U+548C)
(inputenc)                not set up for use with LaTeX.

See the inputenc package documentation for explanation.
Type  H <return>  for immediate help.
 ...                                              
                                                  
l.3 ...”é‚¦å­¦ä¹ çš„æœ¬åœ°è‡ªé€‚åº”å·®åˆ†éšç§å’Œ
                                                  å®‰å…¨æ··æ´—æ¨¡å‹çš„è®¾è®...

You may provide a definition with
\DeclareUnicodeCharacter 


! Package inputenc Error: Unicode character å®‰ (U+5B89)
(inputenc)                not set up for use with LaTeX.

See the inputenc package documentation for explanation.
Type  H <return>  for immediate help.
 ...                                              
                                                  
l.3 ...¦å­¦ä¹ çš„æœ¬åœ°è‡ªé€‚åº”å·®åˆ†éšç§å’Œå®‰
                                                  å…¨æ··æ´—æ¨¡å‹çš„è®¾è®¡å’...

You may provide a definition with
\DeclareUnicodeCharacter 


! Package inputenc Error: Unicode character å…¨ (U+5168)
(inputenc)                not set up for use with LaTeX.

See the inputenc package documentation for explanation.
Type  H <return>  for immediate help.
 ...                                              
                                                  
l.3 ...¦ä¹ çš„æœ¬åœ°è‡ªé€‚åº”å·®åˆ†éšç§å’Œå®‰å…¨
                                                  æ··æ´—æ¨¡å‹çš„è®¾è®¡å’Œå®...

You may provide a definition with
\DeclareUnicodeCharacter 


! Package inputenc Error: Unicode character æ·· (U+6DF7)
(inputenc)                not set up for use with LaTeX.

See the inputenc package documentation for explanation.
Type  H <return>  for immediate help.
 ...                                              
                                                  
l.3 ... çš„æœ¬åœ°è‡ªé€‚åº”å·®åˆ†éšç§å’Œå®‰å…¨æ··
                                                  æ´—æ¨¡å‹çš„è®¾è®¡å’Œå®ç...

You may provide a definition with
\DeclareUnicodeCharacter 


! Package inputenc Error: Unicode character æ´— (U+6D17)
(inputenc)                not set up for use with LaTeX.

See the inputenc package documentation for explanation.
Type  H <return>  for immediate help.
 ...                                              
                                                  
l.3 ...„æœ¬åœ°è‡ªé€‚åº”å·®åˆ†éšç§å’Œå®‰å…¨æ··æ´—
                                                  æ¨¡å‹çš„è®¾è®¡å’Œå®ç°è¿...

You may provide a definition with
\DeclareUnicodeCharacter 


! Package inputenc Error: Unicode character æ¨¡ (U+6A21)
(inputenc)                not set up for use with LaTeX.

See the inputenc package documentation for explanation.
Type  H <return>  for immediate help.
 ...                                              
                                                  
l.3 ...¬åœ°è‡ªé€‚åº”å·®åˆ†éšç§å’Œå®‰å…¨æ··æ´—æ¨¡
                                                  å‹çš„è®¾è®¡å’Œå®ç°è¿‡ç¨...

You may provide a definition with
\DeclareUnicodeCharacter 


! Package inputenc Error: Unicode character å‹ (U+578B)
(inputenc)                not set up for use with LaTeX.

See the inputenc package documentation for explanation.
Type  H <return>  for immediate help.
 ...                                              
                                                  
l.3 ...°è‡ªé€‚åº”å·®åˆ†éšç§å’Œå®‰å…¨æ··æ´—æ¨¡å‹
                                                  çš„è®¾è®¡å’Œå®ç°è¿‡ç¨‹ã€...

You may provide a definition with
\DeclareUnicodeCharacter 


! Package inputenc Error: Unicode character çš„ (U+7684)
(inputenc)                not set up for use with LaTeX.

See the inputenc package documentation for explanation.
Type  H <return>  for immediate help.
 ...                                              
                                                  
l.3 ...ªé€‚åº”å·®åˆ†éšç§å’Œå®‰å…¨æ··æ´—æ¨¡å‹çš„
                                                  è®¾è®¡å’Œå®ç°è¿‡ç¨‹ã€‚åœ...

You may provide a definition with
\DeclareUnicodeCharacter 


! Package inputenc Error: Unicode character è®¾ (U+8BBE)
(inputenc)                not set up for use with LaTeX.

See the inputenc package documentation for explanation.
Type  H <return>  for immediate help.
 ...                                              
                                                  
l.3 ...‚åº”å·®åˆ†éšç§å’Œå®‰å…¨æ··æ´—æ¨¡å‹çš„è®¾
                                                  è®¡å’Œå®ç°è¿‡ç¨‹ã€‚åœ¨æœ...

You may provide a definition with
\DeclareUnicodeCharacter 


! Package inputenc Error: Unicode character è®¡ (U+8BA1)
(inputenc)                not set up for use with LaTeX.

See the inputenc package documentation for explanation.
Type  H <return>  for immediate help.
 ...                                              
                                                  
l.3 ...”å·®åˆ†éšç§å’Œå®‰å…¨æ··æ´—æ¨¡å‹çš„è®¾è®¡
                                                  å’Œå®ç°è¿‡ç¨‹ã€‚åœ¨æœ¬èŠ...

You may provide a definition with
\DeclareUnicodeCharacter 


! Package inputenc Error: Unicode character å’Œ (U+548C)
(inputenc)                not set up for use with LaTeX.

See the inputenc package documentation for explanation.
Type  H <return>  for immediate help.
 ...                                              
                                                  
l.3 ...®åˆ†éšç§å’Œå®‰å…¨æ··æ´—æ¨¡å‹çš„è®¾è®¡å’Œ
                                                  å®ç°è¿‡ç¨‹ã€‚åœ¨æœ¬èŠ‚çš...

You may provide a definition with
\DeclareUnicodeCharacter 


! Package inputenc Error: Unicode character å® (U+5B9E)
(inputenc)                not set up for use with LaTeX.

See the inputenc package documentation for explanation.
Type  H <return>  for immediate help.
 ...                                              
                                                  
l.3 ...†éšç§å’Œå®‰å…¨æ··æ´—æ¨¡å‹çš„è®¾è®¡å’Œå®
                                                  ç°è¿‡ç¨‹ã€‚åœ¨æœ¬èŠ‚çš„å†...

You may provide a definition with
\DeclareUnicodeCharacter 


! Package inputenc Error: Unicode character ç° (U+73B0)
(inputenc)                not set up for use with LaTeX.

See the inputenc package documentation for explanation.
Type  H <return>  for immediate help.
 ...                                              
                                                  
l.3 ...ç§å’Œå®‰å…¨æ··æ´—æ¨¡å‹çš„è®¾è®¡å’Œå®ç°
                                                  è¿‡ç¨‹ã€‚åœ¨æœ¬èŠ‚çš„å†…å®...

You may provide a definition with
\DeclareUnicodeCharacter 


! Package inputenc Error: Unicode character è¿‡ (U+8FC7)
(inputenc)                not set up for use with LaTeX.

See the inputenc package documentation for explanation.
Type  H <return>  for immediate help.
 ...                                              
                                                  
l.3 ...å’Œå®‰å…¨æ··æ´—æ¨¡å‹çš„è®¾è®¡å’Œå®ç°è¿‡
                                                  ç¨‹ã€‚åœ¨æœ¬èŠ‚çš„å†…å®¹ä¸...

You may provide a definition with
\DeclareUnicodeCharacter 


! Package inputenc Error: Unicode character ç¨‹ (U+7A0B)
(inputenc)                not set up for use with LaTeX.

See the inputenc package documentation for explanation.
Type  H <return>  for immediate help.
 ...                                              
                                                  
l.3 ...Œå®‰å…¨æ··æ´—æ¨¡å‹çš„è®¾è®¡å’Œå®ç°è¿‡ç¨‹
                                                  ã€‚åœ¨æœ¬èŠ‚çš„å†…å®¹ä¸­ï¼...

You may provide a definition with
\DeclareUnicodeCharacter 


! Package inputenc Error: Unicode character ã€‚ (U+3002)
(inputenc)                not set up for use with LaTeX.

See the inputenc package documentation for explanation.
Type  H <return>  for immediate help.
 ...                                              
                                                  
l.3 ...‰å…¨æ··æ´—æ¨¡å‹çš„è®¾è®¡å’Œå®ç°è¿‡ç¨‹ã€‚
                                                  åœ¨æœ¬èŠ‚çš„å†…å®¹ä¸­ï¼Œæˆ...

You may provide a definition with
\DeclareUnicodeCharacter 


! Package inputenc Error: Unicode character åœ¨ (U+5728)
(inputenc)                not set up for use with LaTeX.

See the inputenc package documentation for explanation.
Type  H <return>  for immediate help.
 ...                                              
                                                  
l.3 ...¨æ··æ´—æ¨¡å‹çš„è®¾è®¡å’Œå®ç°è¿‡ç¨‹ã€‚åœ¨
                                                  æœ¬èŠ‚çš„å†…å®¹ä¸­ï¼Œæˆ‘ä»...

You may provide a definition with
\DeclareUnicodeCharacter 


! Package inputenc Error: Unicode character æœ¬ (U+672C)
(inputenc)                not set up for use with LaTeX.

See the inputenc package documentation for explanation.
Type  H <return>  for immediate help.
 ...                                              
                                                  
l.3 ...·æ´—æ¨¡å‹çš„è®¾è®¡å’Œå®ç°è¿‡ç¨‹ã€‚åœ¨æœ¬
                                                  èŠ‚çš„å†…å®¹ä¸­ï¼Œæˆ‘ä»¬é€...

You may provide a definition with
\DeclareUnicodeCharacter 


! Package inputenc Error: Unicode character èŠ‚ (U+8282)
(inputenc)                not set up for use with LaTeX.

See the inputenc package documentation for explanation.
Type  H <return>  for immediate help.
 ...                                              
                                                  
l.3 ...—æ¨¡å‹çš„è®¾è®¡å’Œå®ç°è¿‡ç¨‹ã€‚åœ¨æœ¬èŠ‚
                                                  çš„å†…å®¹ä¸­ï¼Œæˆ‘ä»¬é€‰å...

You may provide a definition with
\DeclareUnicodeCharacter 


! Package inputenc Error: Unicode character çš„ (U+7684)
(inputenc)                not set up for use with LaTeX.

See the inputenc package documentation for explanation.
Type  H <return>  for immediate help.
 ...                                              
                                                  
l.3 ...¡å‹çš„è®¾è®¡å’Œå®ç°è¿‡ç¨‹ã€‚åœ¨æœ¬èŠ‚çš„
                                                  å†…å®¹ä¸­ï¼Œæˆ‘ä»¬é€‰å–äº...

You may provide a definition with
\DeclareUnicodeCharacter 


! Package inputenc Error: Unicode character å†… (U+5185)
(inputenc)                not set up for use with LaTeX.

See the inputenc package documentation for explanation.
Type  H <return>  for immediate help.
 ...                                              
                                                  
l.3 ...‹çš„è®¾è®¡å’Œå®ç°è¿‡ç¨‹ã€‚åœ¨æœ¬èŠ‚çš„å†…
                                                  å®¹ä¸­ï¼Œæˆ‘ä»¬é€‰å–äº†ä¸...

You may provide a definition with
\DeclareUnicodeCharacter 


! Package inputenc Error: Unicode character å®¹ (U+5BB9)
(inputenc)                not set up for use with LaTeX.

See the inputenc package documentation for explanation.
Type  H <return>  for immediate help.
 ...                                              
                                                  
l.3 ...„è®¾è®¡å’Œå®ç°è¿‡ç¨‹ã€‚åœ¨æœ¬èŠ‚çš„å†…å®¹
                                                  ä¸­ï¼Œæˆ‘ä»¬é€‰å–äº†ä¸€äº...

You may provide a definition with
\DeclareUnicodeCharacter 


! Package inputenc Error: Unicode character ä¸­ (U+4E2D)
(inputenc)                not set up for use with LaTeX.

See the inputenc package documentation for explanation.
Type  H <return>  for immediate help.
 ...                                              
                                                  
l.3 ...¾è®¡å’Œå®ç°è¿‡ç¨‹ã€‚åœ¨æœ¬èŠ‚çš„å†…å®¹ä¸­
                                                  ï¼Œæˆ‘ä»¬é€‰å–äº†ä¸€äº›åŸ...

You may provide a definition with
\DeclareUnicodeCharacter 


! Package inputenc Error: Unicode character ï¼Œ (U+FF0C)
(inputenc)                not set up for use with LaTeX.

See the inputenc package documentation for explanation.
Type  H <return>  for immediate help.
 ...                                              
                                                  
l.3 ...¡å’Œå®ç°è¿‡ç¨‹ã€‚åœ¨æœ¬èŠ‚çš„å†…å®¹ä¸­ï¼Œ
                                                  æˆ‘ä»¬é€‰å–äº†ä¸€äº›åŸºå‡...

You may provide a definition with
\DeclareUnicodeCharacter 


! Package inputenc Error: Unicode character æˆ‘ (U+6211)
(inputenc)                not set up for use with LaTeX.

See the inputenc package documentation for explanation.
Type  H <return>  for immediate help.
 ...                                              
                                                  
l.3 ...Œå®ç°è¿‡ç¨‹ã€‚åœ¨æœ¬èŠ‚çš„å†…å®¹ä¸­ï¼Œæˆ‘
                                                  ä»¬é€‰å–äº†ä¸€äº›åŸºå‡†çš...

You may provide a definition with
\DeclareUnicodeCharacter 


! Package inputenc Error: Unicode character ä»¬ (U+4EEC)
(inputenc)                not set up for use with LaTeX.

See the inputenc package documentation for explanation.
Type  H <return>  for immediate help.
 ...                                              
                                                  
l.3 ...ç°è¿‡ç¨‹ã€‚åœ¨æœ¬èŠ‚çš„å†…å®¹ä¸­ï¼Œæˆ‘ä»¬
                                                  é€‰å–äº†ä¸€äº›åŸºå‡†çš„æ•...

You may provide a definition with
\DeclareUnicodeCharacter 


! Package inputenc Error: Unicode character é€‰ (U+9009)
(inputenc)                not set up for use with LaTeX.

See the inputenc package documentation for explanation.
Type  H <return>  for immediate help.
 ...                                              
                                                  
l.3 ...°è¿‡ç¨‹ã€‚åœ¨æœ¬èŠ‚çš„å†…å®¹ä¸­ï¼Œæˆ‘ä»¬é€‰
                                                  å–äº†ä¸€äº›åŸºå‡†çš„æ•°æ...

You may provide a definition with
\DeclareUnicodeCharacter 


! Package inputenc Error: Unicode character å– (U+53D6)
(inputenc)                not set up for use with LaTeX.

See the inputenc package documentation for explanation.
Type  H <return>  for immediate help.
 ...                                              
                                                  
l.3 ...‡ç¨‹ã€‚åœ¨æœ¬èŠ‚çš„å†…å®¹ä¸­ï¼Œæˆ‘ä»¬é€‰å–
                                                  äº†ä¸€äº›åŸºå‡†çš„æ•°æ®é›...

You may provide a definition with
\DeclareUnicodeCharacter 


! Package inputenc Error: Unicode character äº† (U+4E86)
(inputenc)                not set up for use with LaTeX.

See the inputenc package documentation for explanation.
Type  H <return>  for immediate help.
 ...                                              
                                                  
l.3 ...‹ã€‚åœ¨æœ¬èŠ‚çš„å†…å®¹ä¸­ï¼Œæˆ‘ä»¬é€‰å–äº†
                                                  ä¸€äº›åŸºå‡†çš„æ•°æ®é›†åœ...

You may provide a definition with
\DeclareUnicodeCharacter 


! Package inputenc Error: Unicode character ä¸€ (U+4E00)
(inputenc)                not set up for use with LaTeX.

See the inputenc package documentation for explanation.
Type  H <return>  for immediate help.
 ...                                              
                                                  
l.3 ...‚åœ¨æœ¬èŠ‚çš„å†…å®¹ä¸­ï¼Œæˆ‘ä»¬é€‰å–äº†ä¸€
                                                  äº›åŸºå‡†çš„æ•°æ®é›†åœ¨è¯...

You may provide a definition with
\DeclareUnicodeCharacter 


! Package inputenc Error: Unicode character äº› (U+4E9B)
(inputenc)                not set up for use with LaTeX.

See the inputenc package documentation for explanation.
Type  H <return>  for immediate help.
 ...                                              
                                                  
l.3 ...¨æœ¬èŠ‚çš„å†…å®¹ä¸­ï¼Œæˆ‘ä»¬é€‰å–äº†ä¸€äº›
                                                  åŸºå‡†çš„æ•°æ®é›†åœ¨è¯¥éª...

You may provide a definition with
\DeclareUnicodeCharacter 


! Package inputenc Error: Unicode character åŸº (U+57FA)
(inputenc)                not set up for use with LaTeX.

See the inputenc package documentation for explanation.
Type  H <return>  for immediate help.
 ...                                              
                                                  
l.3 ...¬èŠ‚çš„å†…å®¹ä¸­ï¼Œæˆ‘ä»¬é€‰å–äº†ä¸€äº›åŸº
                                                  å‡†çš„æ•°æ®é›†åœ¨è¯¥éªŒè¯...

You may provide a definition with
\DeclareUnicodeCharacter 


! Package inputenc Error: Unicode character å‡† (U+51C6)
(inputenc)                not set up for use with LaTeX.

See the inputenc package documentation for explanation.
Type  H <return>  for immediate help.
 ...                                              
                                                  
l.3 ...‚çš„å†…å®¹ä¸­ï¼Œæˆ‘ä»¬é€‰å–äº†ä¸€äº›åŸºå‡†
                                                  çš„æ•°æ®é›†åœ¨è¯¥éªŒè¯æ¡...

You may provide a definition with
\DeclareUnicodeCharacter 


! Package inputenc Error: Unicode character çš„ (U+7684)
(inputenc)                not set up for use with LaTeX.

See the inputenc package documentation for explanation.
Type  H <return>  for immediate help.
 ...                                              
                                                  
l.3 ...„å†…å®¹ä¸­ï¼Œæˆ‘ä»¬é€‰å–äº†ä¸€äº›åŸºå‡†çš„
                                                  æ•°æ®é›†åœ¨è¯¥éªŒè¯æ¡†æ...

You may provide a definition with
\DeclareUnicodeCharacter 


! Package inputenc Error: Unicode character æ•° (U+6570)
(inputenc)                not set up for use with LaTeX.

See the inputenc package documentation for explanation.
Type  H <return>  for immediate help.
 ...                                              
                                                  
l.3 ...…å®¹ä¸­ï¼Œæˆ‘ä»¬é€‰å–äº†ä¸€äº›åŸºå‡†çš„æ•°
                                                  æ®é›†åœ¨è¯¥éªŒè¯æ¡†æ¶ä¸...

You may provide a definition with
\DeclareUnicodeCharacter 


! Package inputenc Error: Unicode character æ® (U+636E)
(inputenc)                not set up for use with LaTeX.

See the inputenc package documentation for explanation.
Type  H <return>  for immediate help.
 ...                                              
                                                  
l.3 ...¹ä¸­ï¼Œæˆ‘ä»¬é€‰å–äº†ä¸€äº›åŸºå‡†çš„æ•°æ®
                                                  é›†åœ¨è¯¥éªŒè¯æ¡†æ¶ä¸Šè¿...

You may provide a definition with
\DeclareUnicodeCharacter 


! Package inputenc Error: Unicode character é›† (U+96C6)
(inputenc)                not set up for use with LaTeX.

See the inputenc package documentation for explanation.
Type  H <return>  for immediate help.
 ...                                              
                                                  
l.3 ...­ï¼Œæˆ‘ä»¬é€‰å–äº†ä¸€äº›åŸºå‡†çš„æ•°æ®é›†
                                                  åœ¨è¯¥éªŒè¯æ¡†æ¶ä¸Šè¿›è¡...

You may provide a definition with
\DeclareUnicodeCharacter 


! Package inputenc Error: Unicode character åœ¨ (U+5728)
(inputenc)                not set up for use with LaTeX.

See the inputenc package documentation for explanation.
Type  H <return>  for immediate help.
 ...                                              
                                                  
l.3 ...Œæˆ‘ä»¬é€‰å–äº†ä¸€äº›åŸºå‡†çš„æ•°æ®é›†åœ¨
                                                  è¯¥éªŒè¯æ¡†æ¶ä¸Šè¿›è¡Œå®...

You may provide a definition with
\DeclareUnicodeCharacter 


! Package inputenc Error: Unicode character è¯¥ (U+8BE5)
(inputenc)                not set up for use with LaTeX.

See the inputenc package documentation for explanation.
Type  H <return>  for immediate help.
 ...                                              
                                                  
l.3 ...‘ä»¬é€‰å–äº†ä¸€äº›åŸºå‡†çš„æ•°æ®é›†åœ¨è¯¥
                                                  éªŒè¯æ¡†æ¶ä¸Šè¿›è¡Œå®éª...

You may provide a definition with
\DeclareUnicodeCharacter 


! Package inputenc Error: Unicode character éªŒ (U+9A8C)
(inputenc)                not set up for use with LaTeX.

See the inputenc package documentation for explanation.
Type  H <return>  for immediate help.
 ...                                              
                                                  
l.3 ...¬é€‰å–äº†ä¸€äº›åŸºå‡†çš„æ•°æ®é›†åœ¨è¯¥éªŒ
                                                  è¯æ¡†æ¶ä¸Šè¿›è¡Œå®éªŒè¯...

You may provide a definition with
\DeclareUnicodeCharacter 


! Package inputenc Error: Unicode character è¯ (U+8BC1)
(inputenc)                not set up for use with LaTeX.

See the inputenc package documentation for explanation.
Type  H <return>  for immediate help.
 ...                                              
                                                  
l.3 ...‰å–äº†ä¸€äº›åŸºå‡†çš„æ•°æ®é›†åœ¨è¯¥éªŒè¯
                                                  æ¡†æ¶ä¸Šè¿›è¡Œå®éªŒè¯„ä¼...

You may provide a definition with
\DeclareUnicodeCharacter 


! Package inputenc Error: Unicode character æ¡† (U+6846)
(inputenc)                not set up for use with LaTeX.

See the inputenc package documentation for explanation.
Type  H <return>  for immediate help.
 ...                                              
                                                  
l.3 ...–äº†ä¸€äº›åŸºå‡†çš„æ•°æ®é›†åœ¨è¯¥éªŒè¯æ¡†
                                                  æ¶ä¸Šè¿›è¡Œå®éªŒè¯„ä¼°ã€...

You may provide a definition with
\DeclareUnicodeCharacter 


! Package inputenc Error: Unicode character æ¶ (U+67B6)
(inputenc)                not set up for use with LaTeX.

See the inputenc package documentation for explanation.
Type  H <return>  for immediate help.
 ...                                              
                                                  
l.3 ...†ä¸€äº›åŸºå‡†çš„æ•°æ®é›†åœ¨è¯¥éªŒè¯æ¡†æ¶
                                                  ä¸Šè¿›è¡Œå®éªŒè¯„ä¼°ã€‚æœ...

You may provide a definition with
\DeclareUnicodeCharacter 


! Package inputenc Error: Unicode character ä¸Š (U+4E0A)
(inputenc)                not set up for use with LaTeX.

See the inputenc package documentation for explanation.
Type  H <return>  for immediate help.
 ...                                              
                                                  
l.3 ...€äº›åŸºå‡†çš„æ•°æ®é›†åœ¨è¯¥éªŒè¯æ¡†æ¶ä¸Š
                                                  è¿›è¡Œå®éªŒè¯„ä¼°ã€‚æœ¬å®...

You may provide a definition with
\DeclareUnicodeCharacter 


! Package inputenc Error: Unicode character è¿› (U+8FDB)
(inputenc)                not set up for use with LaTeX.

See the inputenc package documentation for explanation.
Type  H <return>  for immediate help.
 ...                                              
                                                  
l.3 ...›åŸºå‡†çš„æ•°æ®é›†åœ¨è¯¥éªŒè¯æ¡†æ¶ä¸Šè¿›
                                                  è¡Œå®éªŒè¯„ä¼°ã€‚æœ¬å®éª...

You may provide a definition with
\DeclareUnicodeCharacter 


! Package inputenc Error: Unicode character è¡Œ (U+884C)
(inputenc)                not set up for use with LaTeX.

See the inputenc package documentation for explanation.
Type  H <return>  for immediate help.
 ...                                              
                                                  
l.3 ...ºå‡†çš„æ•°æ®é›†åœ¨è¯¥éªŒè¯æ¡†æ¶ä¸Šè¿›è¡Œ
                                                  å®éªŒè¯„ä¼°ã€‚æœ¬å®éªŒæ˜...

You may provide a definition with
\DeclareUnicodeCharacter 


! Package inputenc Error: Unicode character å® (U+5B9E)
(inputenc)                not set up for use with LaTeX.

See the inputenc package documentation for explanation.
Type  H <return>  for immediate help.
 ...                                              
                                                  
l.3 ...†çš„æ•°æ®é›†åœ¨è¯¥éªŒè¯æ¡†æ¶ä¸Šè¿›è¡Œå®
                                                  éªŒè¯„ä¼°ã€‚æœ¬å®éªŒæ˜¯å…...

You may provide a definition with
\DeclareUnicodeCharacter 


! Package inputenc Error: Unicode character éªŒ (U+9A8C)
(inputenc)                not set up for use with LaTeX.

See the inputenc package documentation for explanation.
Type  H <return>  for immediate help.
 ...                                              
                                                  
l.3 ...„æ•°æ®é›†åœ¨è¯¥éªŒè¯æ¡†æ¶ä¸Šè¿›è¡Œå®éªŒ
                                                  è¯„ä¼°ã€‚æœ¬å®éªŒæ˜¯å…³äº...

You may provide a definition with
\DeclareUnicodeCharacter 


! Package inputenc Error: Unicode character è¯„ (U+8BC4)
(inputenc)                not set up for use with LaTeX.

See the inputenc package documentation for explanation.
Type  H <return>  for immediate help.
 ...                                              
                                                  
l.3 ...°æ®é›†åœ¨è¯¥éªŒè¯æ¡†æ¶ä¸Šè¿›è¡Œå®éªŒè¯„
                                                  ä¼°ã€‚æœ¬å®éªŒæ˜¯å…³äºè...

You may provide a definition with
\DeclareUnicodeCharacter 


! Package inputenc Error: Unicode character ä¼° (U+4F30)
(inputenc)                not set up for use with LaTeX.

See the inputenc package documentation for explanation.
Type  H <return>  for immediate help.
 ...                                              
                                                  
l.3 ...®é›†åœ¨è¯¥éªŒè¯æ¡†æ¶ä¸Šè¿›è¡Œå®éªŒè¯„ä¼°
                                                  ã€‚æœ¬å®éªŒæ˜¯å…³äºè”é‚...

You may provide a definition with
\DeclareUnicodeCharacter 


! Package inputenc Error: Unicode character ã€‚ (U+3002)
(inputenc)                not set up for use with LaTeX.

See the inputenc package documentation for explanation.
Type  H <return>  for immediate help.
 ...                                              
                                                  
l.3 ...†åœ¨è¯¥éªŒè¯æ¡†æ¶ä¸Šè¿›è¡Œå®éªŒè¯„ä¼°ã€‚
                                                  æœ¬å®éªŒæ˜¯å…³äºè”é‚¦å­...

You may provide a definition with
\DeclareUnicodeCharacter 


! Package inputenc Error: Unicode character æœ¬ (U+672C)
(inputenc)                not set up for use with LaTeX.

See the inputenc package documentation for explanation.
Type  H <return>  for immediate help.
 ...                                              
                                                  
l.3 ...¨è¯¥éªŒè¯æ¡†æ¶ä¸Šè¿›è¡Œå®éªŒè¯„ä¼°ã€‚æœ¬
                                                  å®éªŒæ˜¯å…³äºè”é‚¦å­¦ä¹...

You may provide a definition with
\DeclareUnicodeCharacter 


! Package inputenc Error: Unicode character å® (U+5B9E)
(inputenc)                not set up for use with LaTeX.

See the inputenc package documentation for explanation.
Type  H <return>  for immediate help.
 ...                                              
                                                  
l.3 ...¥éªŒè¯æ¡†æ¶ä¸Šè¿›è¡Œå®éªŒè¯„ä¼°ã€‚æœ¬å®
                                                  éªŒæ˜¯å…³äºè”é‚¦å­¦ä¹ ç³...

You may provide a definition with
\DeclareUnicodeCharacter 


! Package inputenc Error: Unicode character éªŒ (U+9A8C)
(inputenc)                not set up for use with LaTeX.

See the inputenc package documentation for explanation.
Type  H <return>  for immediate help.
 ...                                              
                                                  
l.3 ...Œè¯æ¡†æ¶ä¸Šè¿›è¡Œå®éªŒè¯„ä¼°ã€‚æœ¬å®éªŒ
                                                  æ˜¯å…³äºè”é‚¦å­¦ä¹ ç³»ç»...

You may provide a definition with
\DeclareUnicodeCharacter 


! Package inputenc Error: Unicode character æ˜¯ (U+662F)
(inputenc)                not set up for use with LaTeX.

See the inputenc package documentation for explanation.
Type  H <return>  for immediate help.
 ...                                              
                                                  
l.3 ...æ¡†æ¶ä¸Šè¿›è¡Œå®éªŒè¯„ä¼°ã€‚æœ¬å®éªŒæ˜¯
                                                  å…³äºè”é‚¦å­¦ä¹ ç³»ç»Ÿçš...

You may provide a definition with
\DeclareUnicodeCharacter 


! Package inputenc Error: Unicode character å…³ (U+5173)
(inputenc)                not set up for use with LaTeX.

See the inputenc package documentation for explanation.
Type  H <return>  for immediate help.
 ...                                              
                                                  
l.3 ...†æ¶ä¸Šè¿›è¡Œå®éªŒè¯„ä¼°ã€‚æœ¬å®éªŒæ˜¯å…³
                                                  äºè”é‚¦å­¦ä¹ ç³»ç»Ÿçš„éš...

You may provide a definition with
\DeclareUnicodeCharacter 


! Package inputenc Error: Unicode character äº (U+4E8E)
(inputenc)                not set up for use with LaTeX.

See the inputenc package documentation for explanation.
Type  H <return>  for immediate help.
 ...                                              
                                                  
l.3 ...¶ä¸Šè¿›è¡Œå®éªŒè¯„ä¼°ã€‚æœ¬å®éªŒæ˜¯å…³äº
                                                  è”é‚¦å­¦ä¹ ç³»ç»Ÿçš„éšç§...

You may provide a definition with
\DeclareUnicodeCharacter 


! Package inputenc Error: Unicode character è” (U+8054)
(inputenc)                not set up for use with LaTeX.

See the inputenc package documentation for explanation.
Type  H <return>  for immediate help.
 ...                                              
                                                  
l.3 ...Šè¿›è¡Œå®éªŒè¯„ä¼°ã€‚æœ¬å®éªŒæ˜¯å…³äºè”
                                                  é‚¦å­¦ä¹ ç³»ç»Ÿçš„éšç§ä¿...

You may provide a definition with
\DeclareUnicodeCharacter 


! Package inputenc Error: Unicode character é‚¦ (U+90A6)
(inputenc)                not set up for use with LaTeX.

See the inputenc package documentation for explanation.
Type  H <return>  for immediate help.
 ...                                              
                                                  
l.3 ...›è¡Œå®éªŒè¯„ä¼°ã€‚æœ¬å®éªŒæ˜¯å…³äºè”é‚¦
                                                  å­¦ä¹ ç³»ç»Ÿçš„éšç§ä¿æŠ...

You may provide a definition with
\DeclareUnicodeCharacter 


! Package inputenc Error: Unicode character å­¦ (U+5B66)
(inputenc)                not set up for use with LaTeX.

See the inputenc package documentation for explanation.
Type  H <return>  for immediate help.
 ...                                              
                                                  
l.3 ...Œå®éªŒè¯„ä¼°ã€‚æœ¬å®éªŒæ˜¯å…³äºè”é‚¦å­¦
                                                  ä¹ ç³»ç»Ÿçš„éšç§ä¿æŠ¤æ–...

You may provide a definition with
\DeclareUnicodeCharacter 


! Package inputenc Error: Unicode character ä¹  (U+4E60)
(inputenc)                not set up for use with LaTeX.

See the inputenc package documentation for explanation.
Type  H <return>  for immediate help.
 ...                                              
                                                  
l.3 ...éªŒè¯„ä¼°ã€‚æœ¬å®éªŒæ˜¯å…³äºè”é‚¦å­¦ä¹ 
                                                  ç³»ç»Ÿçš„éšç§ä¿æŠ¤æ–¹æ¡...

You may provide a definition with
\DeclareUnicodeCharacter 


! Package inputenc Error: Unicode character ç³» (U+7CFB)
(inputenc)                not set up for use with LaTeX.

See the inputenc package documentation for explanation.
Type  H <return>  for immediate help.
 ...                                              
                                                  
l.3 ...Œè¯„ä¼°ã€‚æœ¬å®éªŒæ˜¯å…³äºè”é‚¦å­¦ä¹ ç³»
                                                  ç»Ÿçš„éšç§ä¿æŠ¤æ–¹æ¡ˆã€...

You may provide a definition with
\DeclareUnicodeCharacter 


! Package inputenc Error: Unicode character ç»Ÿ (U+7EDF)
(inputenc)                not set up for use with LaTeX.

See the inputenc package documentation for explanation.
Type  H <return>  for immediate help.
 ...                                              
                                                  
l.3 ...„ä¼°ã€‚æœ¬å®éªŒæ˜¯å…³äºè”é‚¦å­¦ä¹ ç³»ç»Ÿ
                                                  çš„éšç§ä¿æŠ¤æ–¹æ¡ˆã€‚æœ...

You may provide a definition with
\DeclareUnicodeCharacter 


! Package inputenc Error: Unicode character çš„ (U+7684)
(inputenc)                not set up for use with LaTeX.

See the inputenc package documentation for explanation.
Type  H <return>  for immediate help.
 ...                                              
                                                  
l.3 ...°ã€‚æœ¬å®éªŒæ˜¯å…³äºè”é‚¦å­¦ä¹ ç³»ç»Ÿçš„
                                                  éšç§ä¿æŠ¤æ–¹æ¡ˆã€‚æœ¬ç«...

You may provide a definition with
\DeclareUnicodeCharacter 


! Package inputenc Error: Unicode character éš (U+9690)
(inputenc)                not set up for use with LaTeX.

See the inputenc package documentation for explanation.
Type  H <return>  for immediate help.
 ...                                              
                                                  
l.3 ...‚æœ¬å®éªŒæ˜¯å…³äºè”é‚¦å­¦ä¹ ç³»ç»Ÿçš„éš
                                                  ç§ä¿æŠ¤æ–¹æ¡ˆã€‚æœ¬ç« çš...

You may provide a definition with
\DeclareUnicodeCharacter 


! Package inputenc Error: Unicode character ç§ (U+79C1)
(inputenc)                not set up for use with LaTeX.

See the inputenc package documentation for explanation.
Type  H <return>  for immediate help.
 ...                                              
                                                  
l.3 ...¬å®éªŒæ˜¯å…³äºè”é‚¦å­¦ä¹ ç³»ç»Ÿçš„éšç§
                                                  ä¿æŠ¤æ–¹æ¡ˆã€‚æœ¬ç« çš„å®...

You may provide a definition with
\DeclareUnicodeCharacter 


! Package inputenc Error: Unicode character ä¿ (U+4FDD)
(inputenc)                not set up for use with LaTeX.

See the inputenc package documentation for explanation.
Type  H <return>  for immediate help.
 ...                                              
                                                  
l.3 ...éªŒæ˜¯å…³äºè”é‚¦å­¦ä¹ ç³»ç»Ÿçš„éšç§ä¿
                                                  æŠ¤æ–¹æ¡ˆã€‚æœ¬ç« çš„å®éª...

You may provide a definition with
\DeclareUnicodeCharacter 


! Package inputenc Error: Unicode character æŠ¤ (U+62A4)
(inputenc)                not set up for use with LaTeX.

See the inputenc package documentation for explanation.
Type  H <return>  for immediate help.
 ...                                              
                                                  
l.3 ...Œæ˜¯å…³äºè”é‚¦å­¦ä¹ ç³»ç»Ÿçš„éšç§ä¿æŠ¤
                                                  æ–¹æ¡ˆã€‚æœ¬ç« çš„å®éªŒä¸...
(That makes 100 errors; please try again.) 
Here is how much of TeX's memory you used:
 86 strings out of 478994
 1006 string characters out of 5858185
 283044 words of memory out of 5000000
 17671 multiletter control sequences out of 15000+600000
 403430 words of font info for 27 fonts, out of 8000000 for 9000
 1141 hyphenation exceptions out of 8191
 13i,0n,15p,870b,21s stack positions out of 5000i,500n,10000p,200000b,80000s

!  ==> Fatal error occurred, no output PDF file produced!
